------------------------------------------
libopenshot logging: Fri Nov 16 13:39:48 2018
------------------------------------------
------------------------------------------
libopenshot logging: Tue Dec 11 11:01:25 2018
------------------------------------------
------------------------------------------
libopenshot logging: Tue Dec 11 11:01:27 2018
------------------------------------------
------------------------------------------
libopenshot logging: Tue Dec 11 11:42:32 2018
------------------------------------------
------------------------------------------
libopenshot logging: Wed Apr 29 14:31:06 2020
------------------------------------------
------------------------------------------
libopenshot logging: Thu May 07 10:44:05 2020
------------------------------------------
------------------------------------------
libopenshot logging: Tue Nov 24 21:07:51 2020
------------------------------------------
